[debug] [2024-10-02T07:28:54.906Z] ----------------------------------------------------------------------
[debug] [2024-10-02T07:28:54.916Z] Command:       C:\Program Files\nodejs\node.exe C:\Users\kopal\AppData\Roaming\npm\node_modules\firebase-tools\lib\bin\firebase.js init hosting
[debug] [2024-10-02T07:28:54.916Z] CLI Version:   13.20.2
[debug] [2024-10-02T07:28:54.917Z] Platform:      win32
[debug] [2024-10-02T07:28:54.917Z] Node Version:  v20.12.2
[debug] [2024-10-02T07:28:54.917Z] Time:          Wed Oct 02 2024 12:58:54 GMT+0530 (India Standard Time)
[debug] [2024-10-02T07:28:54.917Z] ----------------------------------------------------------------------
[debug] 
[debug] [2024-10-02T07:28:54.926Z] > command requires scopes: ["email","openid","https://www.googleapis.com/auth/cloudplatformprojects.readonly","https://www.googleapis.com/auth/firebase","https://www.googleapis.com/auth/cloud-platform"]
[debug] [2024-10-02T07:28:54.927Z] > authorizing via signed-in user (kopalmsm@gmail.com)
[info] 
     ######## #### ########  ######## ########     ###     ######  ########
     ##        ##  ##     ## ##       ##     ##  ##   ##  ##       ##
     ######    ##  ########  ######   ########  #########  ######  ######
     ##        ##  ##    ##  ##       ##     ## ##     ##       ## ##
     ##       #### ##     ## ######## ########  ##     ##  ######  ########

You're about to initialize a Firebase project in this directory:

  C:\Users\kopal\Downloads\DrSurbhiWebsite\drsurbhiclinic\gynaewebsite

[info] 
=== Project Setup
[info] 
[info] First, let's associate this project directory with a Firebase project.
[info] You can create multiple project aliases by running firebase use --add, 
[info] but for now we'll just set up a default project.
[info] 
[info] i  If you want to create a project in a Google Cloud organization or folder, please use "firebase projects:create" instead, and return to this command when you've created the project. 
[debug] [2024-10-02T07:29:45.494Z] Checked if tokens are valid: true, expires at: 1727857563780
[debug] [2024-10-02T07:29:45.494Z] Checked if tokens are valid: true, expires at: 1727857563780
[debug] [2024-10-02T07:29:45.496Z] >>> [apiv2][query] POST https://cloudresourcemanager.googleapis.com/v1/projects [none]
[debug] [2024-10-02T07:29:45.496Z] >>> [apiv2][body] POST https://cloudresourcemanager.googleapis.com/v1/projects {"projectId":"drsurbhiclinic","name":"drsurbhiclinic"}
[debug] [2024-10-02T07:29:48.003Z] <<< [apiv2][status] POST https://cloudresourcemanager.googleapis.com/v1/projects 200
[debug] [2024-10-02T07:29:48.003Z] <<< [apiv2][body] POST https://cloudresourcemanager.googleapis.com/v1/projects {"name":"operations/cp.6235199849719555534"}
[debug] [2024-10-02T07:29:48.004Z] Checked if tokens are valid: true, expires at: 1727857563780
[debug] [2024-10-02T07:29:48.004Z] Checked if tokens are valid: true, expires at: 1727857563780
[debug] [2024-10-02T07:29:48.005Z] >>> [apiv2][query] GET https://cloudresourcemanager.googleapis.com/v1/operations/cp.6235199849719555534 [none]
[debug] [2024-10-02T07:29:49.776Z] <<< [apiv2][status] GET https://cloudresourcemanager.googleapis.com/v1/operations/cp.6235199849719555534 200
[debug] [2024-10-02T07:29:49.777Z] <<< [apiv2][body] GET https://cloudresourcemanager.googleapis.com/v1/operations/cp.6235199849719555534 {"name":"operations/cp.6235199849719555534"}
[debug] [2024-10-02T07:29:50.284Z] [Project Creation Poller] Retrying task index 0
[debug] [2024-10-02T07:29:50.284Z] Checked if tokens are valid: true, expires at: 1727857563780
[debug] [2024-10-02T07:29:50.284Z] Checked if tokens are valid: true, expires at: 1727857563780
[debug] [2024-10-02T07:29:50.285Z] >>> [apiv2][query] GET https://cloudresourcemanager.googleapis.com/v1/operations/cp.6235199849719555534 [none]
[debug] [2024-10-02T07:29:50.878Z] <<< [apiv2][status] GET https://cloudresourcemanager.googleapis.com/v1/operations/cp.6235199849719555534 200
[debug] [2024-10-02T07:29:50.878Z] <<< [apiv2][body] GET https://cloudresourcemanager.googleapis.com/v1/operations/cp.6235199849719555534 {"name":"operations/cp.6235199849719555534","metadata":{"@type":"type.googleapis.com/google.cloudresourcemanager.v1.ProjectCreationStatus","gettable":true}}
[debug] [2024-10-02T07:29:51.877Z] [Project Creation Poller] Retrying task index 0
[debug] [2024-10-02T07:29:51.878Z] Checked if tokens are valid: true, expires at: 1727857563780
[debug] [2024-10-02T07:29:51.878Z] Checked if tokens are valid: true, expires at: 1727857563780
[debug] [2024-10-02T07:29:51.878Z] >>> [apiv2][query] GET https://cloudresourcemanager.googleapis.com/v1/operations/cp.6235199849719555534 [none]
[debug] [2024-10-02T07:29:52.500Z] <<< [apiv2][status] GET https://cloudresourcemanager.googleapis.com/v1/operations/cp.6235199849719555534 200
[debug] [2024-10-02T07:29:52.501Z] <<< [apiv2][body] GET https://cloudresourcemanager.googleapis.com/v1/operations/cp.6235199849719555534 {"name":"operations/cp.6235199849719555534","metadata":{"@type":"type.googleapis.com/google.cloudresourcemanager.v1.ProjectCreationStatus","gettable":true,"ready":true},"done":true,"response":{"@type":"type.googleapis.com/google.cloudresourcemanager.v1.Project","projectNumber":"709545625518","projectId":"drsurbhiclinic","lifecycleState":"ACTIVE","name":"drsurbhiclinic","createTime":"2024-10-02T07:29:49.507579Z"}}
[debug] [2024-10-02T07:29:52.503Z] Checked if tokens are valid: true, expires at: 1727857563780
[debug] [2024-10-02T07:29:52.503Z] Checked if tokens are valid: true, expires at: 1727857563780
[debug] [2024-10-02T07:29:52.503Z] >>> [apiv2][query] POST https://firebase.googleapis.com/v1beta1/projects/drsurbhiclinic:addFirebase [none]
[debug] [2024-10-02T07:29:54.142Z] <<< [apiv2][status] POST https://firebase.googleapis.com/v1beta1/projects/drsurbhiclinic:addFirebase 403
[debug] [2024-10-02T07:29:54.142Z] <<< [apiv2][body] POST https://firebase.googleapis.com/v1beta1/projects/drsurbhiclinic:addFirebase {"error":{"code":403,"message":"The caller does not have permission","status":"PERMISSION_DENIED"}}
[debug] [2024-10-02T07:29:54.143Z] HTTP Error: 403, The caller does not have permission
[debug] [2024-10-02T07:29:54.498Z] FirebaseError: HTTP Error: 403, The caller does not have permission
    at responseToError (C:\Users\kopal\AppData\Roaming\npm\node_modules\firebase-tools\lib\responseToError.js:49:12)
    at RetryOperation._fn (C:\Users\kopal\AppData\Roaming\npm\node_modules\firebase-tools\lib\apiv2.js:312:77)
    at process.processTicksAndRejections (node:internal/process/task_queues:95:5)
[error] 
[error] Error: Failed to add Firebase to Google Cloud Platform project. See firebase-debug.log for more info.
